<?xml version="1.0" encoding="UTF-8"?>
<testng-results ignored="0" total="1" passed="1" failed="0" skipped="0">
  <reporter-output>
  </reporter-output>
  <suite started-at="2024-12-26T12:22:43 IST" name="Default suite" finished-at="2024-12-26T12:22:52 IST" duration-ms="8243">
    <groups>
    </groups>
    <test started-at="2024-12-26T12:22:43 IST" name="Default test" finished-at="2024-12-26T12:22:52 IST" duration-ms="8243">
      <class name="testCases.TC14_handleScrollinDropDown">
        <test-method is-config="true" signature="openApp()[pri:0, instance:testCases.TC14_handleScrollinDropDown@530712d]" started-at="2024-12-26T12:22:44 IST" name="openApp" finished-at="2024-12-26T12:22:50 IST" duration-ms="6657" status="PASS">
          <reporter-output>
          </reporter-output>
        </test-method> <!-- openApp -->
        <test-method signature="handleDropDownElement()[pri:0, instance:testCases.TC14_handleScrollinDropDown@530712d]" started-at="2024-12-26T12:22:50 IST" name="handleDropDownElement" finished-at="2024-12-26T12:22:52 IST" duration-ms="1528" status="PASS">
          <reporter-output>
          </reporter-output>
        </test-method> <!-- handleDropDownElement -->
        <test-method is-config="true" signature="tesrDown()[pri:0, instance:testCases.TC14_handleScrollinDropDown@530712d]" started-at="2024-12-26T12:22:52 IST" name="tesrDown" finished-at="2024-12-26T12:22:52 IST" duration-ms="0" status="PASS">
          <reporter-output>
          </reporter-output>
        </test-method> <!-- tesrDown -->
      </class> <!-- testCases.TC14_handleScrollinDropDown -->
    </test> <!-- Default test -->
  </suite> <!-- Default suite -->
</testng-results>
